212.500000 117.294123 
225.000000 124.590298 
237.500000 131.886473 
250.000000 139.182648 
262.500000 146.478824 
275.000000 153.774999 
287.500000 161.071174 
300.000000 168.367349 
312.500000 175.663525 
325.000000 182.959700 
337.500000 190.255875 
350.000000 197.552050 
362.500000 204.848226 
375.000000 212.144401 
387.500000 219.440576 
400.000000 226.736751 
412.500000 234.032927 
425.000000 241.329102 
437.500000 248.625277 
450.000000 255.921452 
462.500000 263.217628 
475.000000 270.513803 
487.500000 277.809978 
500.000000 285.106154 
512.500000 292.402329 
525.000000 299.698504 
537.500000 306.994679 
550.000000 314.290855 
562.500000 321.587030 
575.000000 328.883205 
587.500000 336.179380 
600.000000 343.475556 
612.500000 350.771731 
625.000000 358.067906 
637.500000 365.364081 
650.000000 372.660257 
662.500000 379.956432 
675.000000 387.252607 
687.500000 394.548782 
700.000000 401.844958 
712.500000 409.141133 
725.000000 416.437308 
737.500000 423.733483 
750.000000 431.029659 
762.500000 438.325834 
775.000000 445.622009 
787.500000 452.918185 
800.000000 460.214360 
812.500000 467.510535 
825.000000 474.806710 
837.500000 482.102886 
850.000000 489.399061 
862.500000 496.695236 
875.000000 503.991411 
887.500000 511.287587 
900.000000 518.583762 
912.500000 525.879937 
925.000000 533.176112 
937.500000 540.472288 
950.000000 547.768463 
962.500000 555.064638 
975.000000 562.360813 
987.500000 569.656989 
1000.000000 576.953164 
