205.000000 40.479088 
210.000000 41.433837 
215.000000 42.388587 
220.000000 43.343336 
225.000000 44.298086 
230.000000 45.252835 
235.000000 46.207585 
240.000000 47.162334 
245.000000 48.117084 
250.000000 49.071833 
255.000000 50.026583 
260.000000 50.981332 
265.000000 51.936082 
270.000000 52.890832 
275.000000 53.845581 
280.000000 54.800331 
285.000000 55.755080 
290.000000 56.709830 
295.000000 57.664579 
300.000000 58.619329 
305.000000 59.574078 
310.000000 60.528828 
315.000000 61.483577 
320.000000 62.438327 
325.000000 63.393076 
330.000000 64.347826 
335.000000 65.302576 
340.000000 66.257325 
345.000000 67.212075 
350.000000 68.166824 
355.000000 69.121574 
360.000000 70.076323 
365.000000 71.031073 
370.000000 71.985822 
375.000000 72.940572 
380.000000 73.895321 
385.000000 74.850071 
390.000000 75.804820 
395.000000 76.759570 
400.000000 77.714320 
405.000000 78.669069 
410.000000 79.623819 
415.000000 80.578568 
420.000000 81.533318 
425.000000 82.488067 
430.000000 83.442817 
435.000000 84.397566 
440.000000 85.352316 
445.000000 86.307065 
450.000000 87.261815 
455.000000 88.216564 
460.000000 89.171314 
465.000000 90.126064 
470.000000 91.080813 
475.000000 92.035563 
480.000000 92.990312 
485.000000 93.945062 
490.000000 94.899811 
495.000000 95.854561 
500.000000 96.809310 
505.000000 97.764060 
510.000000 98.718809 
515.000000 99.673559 
520.000000 100.628308 
525.000000 101.583058 
530.000000 102.537808 
535.000000 103.492557 
540.000000 104.447307 
545.000000 105.402056 
550.000000 106.356806 
555.000000 107.311555 
560.000000 108.266305 
565.000000 109.221054 
570.000000 110.175804 
575.000000 111.130553 
580.000000 112.085303 
585.000000 113.040052 
590.000000 113.994802 
595.000000 114.949552 
600.000000 115.904301 
605.000000 116.859051 
610.000000 117.813800 
615.000000 118.768550 
620.000000 119.723299 
625.000000 120.678049 
630.000000 121.632798 
635.000000 122.587548 
640.000000 123.542297 
645.000000 124.497047 
650.000000 125.451796 
655.000000 126.406546 
660.000000 127.361296 
665.000000 128.316045 
670.000000 129.270795 
675.000000 130.225544 
680.000000 131.180294 
685.000000 132.135043 
690.000000 133.089793 
695.000000 134.044542 
700.000000 134.999292 
705.000000 135.954041 
710.000000 136.908791 
715.000000 137.863540 
720.000000 138.818290 
725.000000 139.773040 
730.000000 140.727789 
735.000000 141.682539 
740.000000 142.637288 
745.000000 143.592038 
750.000000 144.546787 
755.000000 145.501537 
760.000000 146.456286 
765.000000 147.411036 
770.000000 148.365785 
775.000000 149.320535 
780.000000 150.275284 
785.000000 151.230034 
790.000000 152.184784 
795.000000 153.139533 
800.000000 154.094283 
805.000000 155.049032 
810.000000 156.003782 
815.000000 156.958531 
820.000000 157.913281 
825.000000 158.868030 
830.000000 159.822780 
835.000000 160.777529 
840.000000 161.732279 
845.000000 162.687028 
850.000000 163.641778 
855.000000 164.596528 
860.000000 165.551277 
865.000000 166.506027 
870.000000 167.460776 
875.000000 168.415526 
880.000000 169.370275 
885.000000 170.325025 
890.000000 171.279774 
895.000000 172.234524 
900.000000 173.189273 
905.000000 174.144023 
910.000000 175.098772 
915.000000 176.053522 
920.000000 177.008272 
925.000000 177.963021 
930.000000 178.917771 
935.000000 179.872520 
940.000000 180.827270 
945.000000 181.782019 
950.000000 182.736769 
955.000000 183.691518 
960.000000 184.646268 
965.000000 185.601017 
970.000000 186.555767 
975.000000 187.510516 
980.000000 188.465266 
985.000000 189.420016 
990.000000 190.374765 
995.000000 191.329515 
1000.000000 192.284264 
