205.000000 77.655608 
210.000000 79.623172 
215.000000 81.590736 
220.000000 83.558300 
225.000000 85.525864 
230.000000 87.493428 
235.000000 89.460992 
240.000000 91.428556 
245.000000 93.396120 
250.000000 95.363684 
255.000000 97.331248 
260.000000 99.298812 
265.000000 101.266377 
270.000000 103.233941 
275.000000 105.201505 
280.000000 107.169069 
285.000000 109.136633 
290.000000 111.104197 
295.000000 113.071761 
300.000000 115.039325 
305.000000 117.006889 
310.000000 118.974453 
315.000000 120.942017 
320.000000 122.909581 
325.000000 124.877145 
330.000000 126.844710 
335.000000 128.812274 
340.000000 130.779838 
345.000000 132.747402 
350.000000 134.714966 
355.000000 136.682530 
360.000000 138.650094 
365.000000 140.617658 
370.000000 142.585222 
375.000000 144.552786 
380.000000 146.520350 
385.000000 148.487914 
390.000000 150.455479 
395.000000 152.423043 
400.000000 154.390607 
405.000000 156.358171 
410.000000 158.325735 
415.000000 160.293299 
420.000000 162.260863 
425.000000 164.228427 
430.000000 166.195991 
435.000000 168.163555 
440.000000 170.131119 
445.000000 172.098683 
450.000000 174.066247 
455.000000 176.033812 
460.000000 178.001376 
465.000000 179.968940 
470.000000 181.936504 
475.000000 183.904068 
480.000000 185.871632 
485.000000 187.839196 
490.000000 189.806760 
495.000000 191.774324 
500.000000 193.741888 
505.000000 195.709452 
510.000000 197.677016 
515.000000 199.644581 
520.000000 201.612145 
525.000000 203.579709 
530.000000 205.547273 
535.000000 207.514837 
540.000000 209.482401 
545.000000 211.449965 
550.000000 213.417529 
555.000000 215.385093 
560.000000 217.352657 
565.000000 219.320221 
570.000000 221.287785 
575.000000 223.255349 
580.000000 225.222914 
585.000000 227.190478 
590.000000 229.158042 
595.000000 231.125606 
600.000000 233.093170 
605.000000 235.060734 
610.000000 237.028298 
615.000000 238.995862 
620.000000 240.963426 
625.000000 242.930990 
630.000000 244.898554 
635.000000 246.866118 
640.000000 248.833683 
645.000000 250.801247 
650.000000 252.768811 
655.000000 254.736375 
660.000000 256.703939 
665.000000 258.671503 
670.000000 260.639067 
675.000000 262.606631 
680.000000 264.574195 
685.000000 266.541759 
690.000000 268.509323 
695.000000 270.476887 
700.000000 272.444451 
705.000000 274.412016 
710.000000 276.379580 
715.000000 278.347144 
720.000000 280.314708 
725.000000 282.282272 
730.000000 284.249836 
735.000000 286.217400 
740.000000 288.184964 
745.000000 290.152528 
750.000000 292.120092 
755.000000 294.087656 
760.000000 296.055220 
765.000000 298.022785 
770.000000 299.990349 
775.000000 301.957913 
780.000000 303.925477 
785.000000 305.893041 
790.000000 307.860605 
795.000000 309.828169 
800.000000 311.795733 
805.000000 313.763297 
810.000000 315.730861 
815.000000 317.698425 
820.000000 319.665989 
825.000000 321.633553 
830.000000 323.601118 
835.000000 325.568682 
840.000000 327.536246 
845.000000 329.503810 
850.000000 331.471374 
855.000000 333.438938 
860.000000 335.406502 
865.000000 337.374066 
870.000000 339.341630 
875.000000 341.309194 
880.000000 343.276758 
885.000000 345.244322 
890.000000 347.211887 
895.000000 349.179451 
900.000000 351.147015 
905.000000 353.114579 
910.000000 355.082143 
915.000000 357.049707 
920.000000 359.017271 
925.000000 360.984835 
930.000000 362.952399 
935.000000 364.919963 
940.000000 366.887527 
945.000000 368.855091 
950.000000 370.822655 
955.000000 372.790220 
960.000000 374.757784 
965.000000 376.725348 
970.000000 378.692912 
975.000000 380.660476 
980.000000 382.628040 
985.000000 384.595604 
990.000000 386.563168 
995.000000 388.530732 
1000.000000 390.498296 
