#Coor		Free	+/-		Prob		+/-
-0.990000	0.358924	-nan	0.016617	-nan
-0.970000	0.343441	-nan	0.016721	-nan
-0.950000	0.304578	-nan	0.016983	-nan
-0.930000	0.254345	-nan	0.017329	-nan
-0.910000	0.419193	-nan	0.016221	-nan
-0.890000	0.397906	-nan	0.016360	-nan
-0.870000	0.448621	-nan	0.016030	-nan
-0.850000	0.401782	-nan	0.016334	-nan
-0.830000	0.348529	-nan	0.016687	-nan
-0.810000	0.284704	-nan	0.017119	-nan
-0.790000	0.251186	-nan	0.017351	-nan
-0.770000	0.178552	-nan	0.017864	-nan
-0.750000	0.000000	-nan	0.019189	-nan
-0.730000	0.007521	-nan	0.019131	-nan
-0.710000	0.139280	-nan	0.018147	-nan
-0.690000	0.286563	-nan	0.017107	-nan
-0.670000	0.527175	-nan	0.015533	-nan
-0.650000	0.635895	-nan	0.014871	-nan
-0.630000	0.844941	-nan	0.013675	-nan
-0.610000	0.975691	-nan	0.012977	-nan
-0.590000	1.106423	-nan	0.012314	-nan
-0.570000	1.047181	-nan	0.012610	-nan
-0.550000	1.021212	-nan	0.012742	-nan
-0.530000	0.966194	-nan	0.013027	-nan
-0.510000	0.890129	-nan	0.013430	-nan
-0.490000	1.002560	-nan	0.012838	-nan
-0.470000	1.236639	-nan	0.011688	-nan
-0.450000	1.288035	-nan	0.011450	-nan
-0.430000	1.312534	-nan	0.011338	-nan
-0.410000	1.420275	-nan	0.010858	-nan
-0.390000	1.646233	-nan	0.009918	-nan
-0.370000	1.737159	-nan	0.009563	-nan
-0.350000	2.012807	-nan	0.008563	-nan
-0.330000	2.069620	-nan	0.008370	-nan
-0.310000	2.296603	-nan	0.007642	-nan
-0.290000	2.461361	-nan	0.007153	-nan
-0.270000	2.657686	-nan	0.006612	-nan
-0.250000	2.866428	-nan	0.006081	-nan
-0.230000	3.055524	-nan	0.005637	-nan
-0.210000	3.030288	-nan	0.005694	-nan
-0.190000	3.234707	-nan	0.005246	-nan
-0.170000	3.416312	-nan	0.004878	-nan
-0.150000	3.571904	-nan	0.004583	-nan
-0.130000	3.892598	-nan	0.004030	-nan
-0.110000	3.844929	-nan	0.004108	-nan
-0.090000	3.833544	-nan	0.004127	-nan
-0.070000	3.941149	-nan	0.003952	-nan
-0.050000	3.987256	-nan	0.003880	-nan
-0.030000	4.014879	-nan	0.003837	-nan
-0.010000	4.051334	-nan	0.003782	-nan
0.010000	4.067113	-nan	0.003758	-nan
0.030000	4.022184	-nan	0.003826	-nan
0.050000	4.123623	-nan	0.003674	-nan
0.070000	3.996988	-nan	0.003865	-nan
0.090000	3.877004	-nan	0.004055	-nan
0.110000	3.946425	-nan	0.003944	-nan
0.130000	3.804597	-nan	0.004175	-nan
0.150000	3.807904	-nan	0.004169	-nan
0.170000	3.819391	-nan	0.004150	-nan
0.190000	3.780356	-nan	0.004216	-nan
0.210000	3.793357	-nan	0.004194	-nan
0.230000	3.725332	-nan	0.004310	-nan
0.250000	3.679400	-nan	0.004390	-nan
0.270000	3.601043	-nan	0.004530	-nan
0.290000	3.488123	-nan	0.004739	-nan
0.310000	3.437724	-nan	0.004836	-nan
0.330000	3.295087	-nan	0.005121	-nan
0.350000	3.312028	-nan	0.005086	-nan
0.370000	3.250425	-nan	0.005213	-nan
0.390000	3.323723	-nan	0.005062	-nan
0.410000	3.242276	-nan	0.005230	-nan
0.430000	3.411303	-nan	0.004888	-nan
0.450000	3.390245	-nan	0.004929	-nan
0.470000	3.389114	-nan	0.004931	-nan
0.490000	3.361837	-nan	0.004986	-nan
0.510000	3.276623	-nan	0.005159	-nan
0.530000	3.244101	-nan	0.005227	-nan
0.550000	3.252298	-nan	0.005209	-nan
0.570000	3.385913	-nan	0.004938	-nan
0.590000	3.354075	-nan	0.005001	-nan
0.610000	3.511162	-nan	0.004696	-nan
0.630000	3.555254	-nan	0.004614	-nan
0.650000	3.591271	-nan	0.004547	-nan
0.670000	3.604287	-nan	0.004524	-nan
0.690000	3.493907	-nan	0.004729	-nan
0.710000	3.502871	-nan	0.004712	-nan
0.730000	3.373859	-nan	0.004962	-nan
0.750000	3.148211	-nan	0.005431	-nan
0.770000	3.171775	-nan	0.005380	-nan
0.790000	3.173027	-nan	0.005378	-nan
0.810000	3.215729	-nan	0.005286	-nan
0.830000	3.272612	-nan	0.005167	-nan
0.850000	3.417122	-nan	0.004876	-nan
0.870000	3.341418	-nan	0.005027	-nan
0.890000	3.296666	-nan	0.005118	-nan
0.910000	3.417879	-nan	0.004875	-nan
0.930000	3.219919	-nan	0.005278	-nan
0.950000	3.234531	-nan	0.005247	-nan
0.970000	3.250722	-nan	0.005213	-nan
0.990000	3.321307	-nan	0.005067	-nan
1.010000	3.449736	-nan	0.004813	-nan
1.030000	3.415405	-nan	0.004880	-nan
1.050000	3.524770	-nan	0.004670	-nan
1.070000	3.462682	-nan	0.004788	-nan
1.090000	3.433878	-nan	0.004844	-nan
1.110000	3.353864	-nan	0.005002	-nan
1.130000	3.380957	-nan	0.004948	-nan
1.150000	3.438266	-nan	0.004835	-nan
1.170000	3.309453	-nan	0.005091	-nan
1.190000	3.377806	-nan	0.004954	-nan
1.210000	3.434102	-nan	0.004843	-nan
1.230000	3.363143	-nan	0.004983	-nan
1.250000	3.541397	-nan	0.004639	-nan
1.270000	3.525847	-nan	0.004668	-nan
1.290000	3.562925	-nan	0.004599	-nan
1.310000	3.509074	-nan	0.004700	-nan
1.330000	3.503776	-nan	0.004710	-nan
1.350000	3.456884	-nan	0.004799	-nan
1.370000	3.460181	-nan	0.004793	-nan
1.390000	3.426703	-nan	0.004858	-nan
1.410000	3.509470	-nan	0.004699	-nan
1.430000	3.552043	-nan	0.004620	-nan
1.450000	3.694343	-nan	0.004363	-nan
1.470000	3.585769	-nan	0.004558	-nan
1.490000	3.626054	-nan	0.004485	-nan
1.510000	3.640752	-nan	0.004458	-nan
1.530000	3.611374	-nan	0.004511	-nan
1.550000	3.546084	-nan	0.004631	-nan
1.570000	3.492755	-nan	0.004731	-nan
1.590000	3.620011	-nan	0.004495	-nan
1.610000	3.457477	-nan	0.004798	-nan
1.630000	3.433677	-nan	0.004844	-nan
1.650000	3.343806	-nan	0.005022	-nan
1.670000	3.361192	-nan	0.004987	-nan
1.690000	3.413470	-nan	0.004883	-nan
1.710000	3.519655	-nan	0.004680	-nan
1.730000	3.519686	-nan	0.004680	-nan
1.750000	3.511697	-nan	0.004695	-nan
1.770000	3.513910	-nan	0.004691	-nan
1.790000	3.552570	-nan	0.004619	-nan
#Window		Free	+/-	
#0	0.000000	-nan
#1	-1.647723	-nan
#2	-1.816105	-nan
#3	-1.753334	-nan
#4	-1.186543	-nan
#5	-0.981032	-nan
#6	-0.505742	-nan
#7	0.281364	-nan
#8	1.095269	-nan
#9	1.730683	-nan
#10	1.947810	-nan
#11	1.851839	-nan
#12	1.686097	-nan
#13	1.406300	-nan
#14	1.261356	-nan
#15	1.264143	-nan
#16	1.366010	-nan
#17	1.365067	-nan
#18	1.193599	-nan
#19	1.244207	-nan
#20	1.297432	-nan
#21	1.347363	-nan
#22	1.348194	-nan
#23	1.431042	-nan
#24	1.452035	-nan
#25	1.528395	-nan
#26	1.426757	-nan
#27	1.445619	-nan
#28	3.183886	-nan
