212.500000 90.548570 
225.000000 95.069341 
237.500000 99.590111 
250.000000 104.110882 
262.500000 108.631652 
275.000000 113.152423 
287.500000 117.673194 
300.000000 122.193964 
312.500000 126.714735 
325.000000 131.235505 
337.500000 135.756276 
350.000000 140.277046 
362.500000 144.797817 
375.000000 149.318588 
387.500000 153.839358 
400.000000 158.360129 
412.500000 162.880899 
425.000000 167.401670 
437.500000 171.922440 
450.000000 176.443211 
462.500000 180.963982 
475.000000 185.484752 
487.500000 190.005523 
500.000000 194.526293 
512.500000 199.047064 
525.000000 203.567834 
537.500000 208.088605 
550.000000 212.609376 
562.500000 217.130146 
575.000000 221.650917 
587.500000 226.171687 
600.000000 230.692458 
612.500000 235.213228 
625.000000 239.733999 
637.500000 244.254770 
650.000000 248.775540 
662.500000 253.296311 
675.000000 257.817081 
687.500000 262.337852 
700.000000 266.858622 
712.500000 271.379393 
725.000000 275.900163 
737.500000 280.420934 
750.000000 284.941705 
762.500000 289.462475 
775.000000 293.983246 
787.500000 298.504016 
800.000000 303.024787 
812.500000 307.545557 
825.000000 312.066328 
837.500000 316.587099 
850.000000 321.107869 
862.500000 325.628640 
875.000000 330.149410 
887.500000 334.670181 
900.000000 339.190951 
912.500000 343.711722 
925.000000 348.232493 
937.500000 352.753263 
950.000000 357.274034 
962.500000 361.794804 
975.000000 366.315575 
987.500000 370.836345 
1000.000000 375.357116 
